[ 50%] [32mBuilding CXX object CMakeFiles/thread.dir/src/multithread.cpp.o[0m
[100%] [32m[1mLinking CXX executable thread[0m
[100%] Built target thread
-- Install configuration: ""
-- Installing: /home/robo/ros2_ws_mt/install/executor/lib/executor/thread
-- Set runtime path of "/home/robo/ros2_ws_mt/install/executor/lib/executor/thread" to ""
-- Up-to-date: /home/robo/ros2_ws_mt/install/executor/share/ament_index/resource_index/package_run_dependencies/executor
-- Up-to-date: /home/robo/ros2_ws_mt/install/executor/share/ament_index/resource_index/parent_prefix_path/executor
-- Up-to-date: /home/robo/ros2_ws_mt/install/executor/share/executor/environment/ament_prefix_path.sh
-- Up-to-date: /home/robo/ros2_ws_mt/install/executor/share/executor/environment/ament_prefix_path.dsv
-- Up-to-date: /home/robo/ros2_ws_mt/install/executor/share/executor/environment/path.sh
-- Up-to-date: /home/robo/ros2_ws_mt/install/executor/share/executor/environment/path.dsv
-- Up-to-date: /home/robo/ros2_ws_mt/install/executor/share/executor/local_setup.bash
-- Up-to-date: /home/robo/ros2_ws_mt/install/executor/share/executor/local_setup.sh
-- Up-to-date: /home/robo/ros2_ws_mt/install/executor/share/executor/local_setup.zsh
-- Up-to-date: /home/robo/ros2_ws_mt/install/executor/share/executor/local_setup.dsv
-- Installing: /home/robo/ros2_ws_mt/install/executor/share/executor/package.dsv
-- Up-to-date: /home/robo/ros2_ws_mt/install/executor/share/ament_index/resource_index/packages/executor
-- Up-to-date: /home/robo/ros2_ws_mt/install/executor/share/executor/cmake/executorConfig.cmake
-- Up-to-date: /home/robo/ros2_ws_mt/install/executor/share/executor/cmake/executorConfig-version.cmake
-- Up-to-date: /home/robo/ros2_ws_mt/install/executor/share/executor/package.xml
