[0.007s] Invoking command in '/home/robo/ros2_ws_mt/build/executor': CMAKE_PREFIX_PATH=${CMAKE_PREFIX_PATH}:/opt/ros/humble /home/robo/.local/bin/cmake --build /home/robo/ros2_ws_mt/build/executor -- -j20 -l20
[0.041s] [ 50%] [32mBuilding CXX object CMakeFiles/thread.dir/src/multithread.cpp.o[0m
[1.793s] [100%] [32m[1mLinking CXX executable thread[0m
[1.865s] [100%] Built target thread
[1.871s] Invoked command in '/home/robo/ros2_ws_mt/build/executor' returned '0': CMAKE_PREFIX_PATH=${CMAKE_PREFIX_PATH}:/opt/ros/humble /home/robo/.local/bin/cmake --build /home/robo/ros2_ws_mt/build/executor -- -j20 -l20
[1.914s] Invoking command in '/home/robo/ros2_ws_mt/build/executor': CMAKE_PREFIX_PATH=${CMAKE_PREFIX_PATH}:/opt/ros/humble /home/robo/.local/bin/cmake --install /home/robo/ros2_ws_mt/build/executor
[1.929s] -- Install configuration: ""
[1.929s] -- Installing: /home/robo/ros2_ws_mt/install/executor/lib/executor/thread
[1.929s] -- Set runtime path of "/home/robo/ros2_ws_mt/install/executor/lib/executor/thread" to ""
[1.929s] -- Up-to-date: /home/robo/ros2_ws_mt/install/executor/share/ament_index/resource_index/package_run_dependencies/executor
[1.930s] -- Up-to-date: /home/robo/ros2_ws_mt/install/executor/share/ament_index/resource_index/parent_prefix_path/executor
[1.930s] -- Up-to-date: /home/robo/ros2_ws_mt/install/executor/share/executor/environment/ament_prefix_path.sh
[1.930s] -- Up-to-date: /home/robo/ros2_ws_mt/install/executor/share/executor/environment/ament_prefix_path.dsv
[1.930s] -- Up-to-date: /home/robo/ros2_ws_mt/install/executor/share/executor/environment/path.sh
[1.930s] -- Up-to-date: /home/robo/ros2_ws_mt/install/executor/share/executor/environment/path.dsv
[1.930s] -- Up-to-date: /home/robo/ros2_ws_mt/install/executor/share/executor/local_setup.bash
[1.930s] -- Up-to-date: /home/robo/ros2_ws_mt/install/executor/share/executor/local_setup.sh
[1.930s] -- Up-to-date: /home/robo/ros2_ws_mt/install/executor/share/executor/local_setup.zsh
[1.930s] -- Up-to-date: /home/robo/ros2_ws_mt/install/executor/share/executor/local_setup.dsv
[1.930s] -- Installing: /home/robo/ros2_ws_mt/install/executor/share/executor/package.dsv
[1.930s] -- Up-to-date: /home/robo/ros2_ws_mt/install/executor/share/ament_index/resource_index/packages/executor
[1.930s] -- Up-to-date: /home/robo/ros2_ws_mt/install/executor/share/executor/cmake/executorConfig.cmake
[1.930s] -- Up-to-date: /home/robo/ros2_ws_mt/install/executor/share/executor/cmake/executorConfig-version.cmake
[1.930s] -- Up-to-date: /home/robo/ros2_ws_mt/install/executor/share/executor/package.xml
[1.934s] Invoked command in '/home/robo/ros2_ws_mt/build/executor' returned '0': CMAKE_PREFIX_PATH=${CMAKE_PREFIX_PATH}:/opt/ros/humble /home/robo/.local/bin/cmake --install /home/robo/ros2_ws_mt/build/executor
