[0.007s] Invoking command in '/home/robo/ros2_ws_mt/build/executor': CMAKE_PREFIX_PATH=${CMAKE_PREFIX_PATH}:/opt/ros/humble /home/robo/.local/bin/cmake --build /home/robo/ros2_ws_mt/build/executor -- -j20 -l20
[0.030s] -- Found ament_cmake: 1.3.5 (/opt/ros/humble/share/ament_cmake/cmake)
[0.150s] -- Found rclcpp: 16.0.5 (/opt/ros/humble/share/rclcpp/cmake)
[0.169s] -- Found rosidl_generator_c: 3.1.5 (/opt/ros/humble/share/rosidl_generator_c/cmake)
[0.171s] -- Found rosidl_adapter: 3.1.5 (/opt/ros/humble/share/rosidl_adapter/cmake)
[0.176s] -- Found rosidl_generator_cpp: 3.1.5 (/opt/ros/humble/share/rosidl_generator_cpp/cmake)
[0.183s] -- Using all available rosidl_typesupport_c: rosidl_typesupport_fastrtps_c;rosidl_typesupport_introspection_c
[0.194s] -- Using all available rosidl_typesupport_cpp: rosidl_typesupport_fastrtps_cpp;rosidl_typesupport_introspection_cpp
[0.233s] -- Found rmw_implementation_cmake: 6.1.1 (/opt/ros/humble/share/rmw_implementation_cmake/cmake)
[0.234s] -- Found rmw_fastrtps_cpp: 6.2.3 (/opt/ros/humble/share/rmw_fastrtps_cpp/cmake)
[0.304s] -- Using RMW implementation 'rmw_fastrtps_cpp' as default
[0.409s] -- Found nav_msgs: 4.2.3 (/opt/ros/humble/share/nav_msgs/cmake)
[0.523s] -- Configuring done (0.5s)
[0.529s] -- Generating done (0.0s)
[0.530s] -- Build files have been written to: /home/robo/ros2_ws_mt/build/executor
[0.546s] [ 50%] [32mBuilding CXX object CMakeFiles/thread.dir/src/multithread.cpp.o[0m
[2.161s] [100%] [32m[1mLinking CXX executable thread[0m
[2.226s] [100%] Built target thread
[2.231s] Invoked command in '/home/robo/ros2_ws_mt/build/executor' returned '0': CMAKE_PREFIX_PATH=${CMAKE_PREFIX_PATH}:/opt/ros/humble /home/robo/.local/bin/cmake --build /home/robo/ros2_ws_mt/build/executor -- -j20 -l20
[2.276s] Invoking command in '/home/robo/ros2_ws_mt/build/executor': CMAKE_PREFIX_PATH=${CMAKE_PREFIX_PATH}:/opt/ros/humble /home/robo/.local/bin/cmake --install /home/robo/ros2_ws_mt/build/executor
[2.289s] -- Install configuration: ""
[2.289s] -- Installing: /home/robo/ros2_ws_mt/install/executor/lib/executor/thread
[2.289s] -- Set runtime path of "/home/robo/ros2_ws_mt/install/executor/lib/executor/thread" to ""
[2.289s] -- Up-to-date: /home/robo/ros2_ws_mt/install/executor/share/ament_index/resource_index/package_run_dependencies/executor
[2.290s] -- Installing: /home/robo/ros2_ws_mt/install/executor/share/ament_index/resource_index/parent_prefix_path/executor
[2.290s] -- Up-to-date: /home/robo/ros2_ws_mt/install/executor/share/executor/environment/ament_prefix_path.sh
[2.290s] -- Installing: /home/robo/ros2_ws_mt/install/executor/share/executor/environment/ament_prefix_path.dsv
[2.290s] -- Up-to-date: /home/robo/ros2_ws_mt/install/executor/share/executor/environment/path.sh
[2.290s] -- Installing: /home/robo/ros2_ws_mt/install/executor/share/executor/environment/path.dsv
[2.290s] -- Up-to-date: /home/robo/ros2_ws_mt/install/executor/share/executor/local_setup.bash
[2.290s] -- Up-to-date: /home/robo/ros2_ws_mt/install/executor/share/executor/local_setup.sh
[2.290s] -- Up-to-date: /home/robo/ros2_ws_mt/install/executor/share/executor/local_setup.zsh
[2.290s] -- Installing: /home/robo/ros2_ws_mt/install/executor/share/executor/local_setup.dsv
[2.290s] -- Installing: /home/robo/ros2_ws_mt/install/executor/share/executor/package.dsv
[2.290s] -- Up-to-date: /home/robo/ros2_ws_mt/install/executor/share/ament_index/resource_index/packages/executor
[2.290s] -- Up-to-date: /home/robo/ros2_ws_mt/install/executor/share/executor/cmake/executorConfig.cmake
[2.290s] -- Up-to-date: /home/robo/ros2_ws_mt/install/executor/share/executor/cmake/executorConfig-version.cmake
[2.290s] -- Installing: /home/robo/ros2_ws_mt/install/executor/share/executor/package.xml
[2.294s] Invoked command in '/home/robo/ros2_ws_mt/build/executor' returned '0': CMAKE_PREFIX_PATH=${CMAKE_PREFIX_PATH}:/opt/ros/humble /home/robo/.local/bin/cmake --install /home/robo/ros2_ws_mt/build/executor
