-- Found ament_cmake: 1.3.5 (/opt/ros/humble/share/ament_cmake/cmake)
-- Found rclcpp: 16.0.5 (/opt/ros/humble/share/rclcpp/cmake)
-- Found rosidl_generator_c: 3.1.5 (/opt/ros/humble/share/rosidl_generator_c/cmake)
-- Found rosidl_adapter: 3.1.5 (/opt/ros/humble/share/rosidl_adapter/cmake)
-- Found rosidl_generator_cpp: 3.1.5 (/opt/ros/humble/share/rosidl_generator_cpp/cmake)
-- Using all available rosidl_typesupport_c: rosidl_typesupport_fastrtps_c;rosidl_typesupport_introspection_c
-- Using all available rosidl_typesupport_cpp: rosidl_typesupport_fastrtps_cpp;rosidl_typesupport_introspection_cpp
-- Found rmw_implementation_cmake: 6.1.1 (/opt/ros/humble/share/rmw_implementation_cmake/cmake)
-- Found rmw_fastrtps_cpp: 6.2.3 (/opt/ros/humble/share/rmw_fastrtps_cpp/cmake)
-- Using RMW implementation 'rmw_fastrtps_cpp' as default
-- Found nav_msgs: 4.2.3 (/opt/ros/humble/share/nav_msgs/cmake)
-- Configuring done (0.5s)
-- Generating done (0.0s)
-- Build files have been written to: /home/robo/ros2_ws_mt/build/executor
[ 25%] [32mBuilding CXX object CMakeFiles/multi.dir/src/multithread.cpp.o[0m
[ 50%] [32mBuilding CXX object CMakeFiles/single.dir/src/singlethread.cpp.o[0m
[100%] [32m[1mLinking CXX executable single[0m
[100%] [32m[1mLinking CXX executable multi[0m
[100%] Built target multi
[100%] Built target single
-- Install configuration: ""
-- Installing: /home/robo/ros2_ws_mt/install/executor/lib/executor/multi
-- Set runtime path of "/home/robo/ros2_ws_mt/install/executor/lib/executor/multi" to ""
-- Installing: /home/robo/ros2_ws_mt/install/executor/lib/executor/single
-- Set runtime path of "/home/robo/ros2_ws_mt/install/executor/lib/executor/single" to ""
-- Up-to-date: /home/robo/ros2_ws_mt/install/executor/share/ament_index/resource_index/package_run_dependencies/executor
-- Up-to-date: /home/robo/ros2_ws_mt/install/executor/share/ament_index/resource_index/parent_prefix_path/executor
-- Up-to-date: /home/robo/ros2_ws_mt/install/executor/share/executor/environment/ament_prefix_path.sh
-- Installing: /home/robo/ros2_ws_mt/install/executor/share/executor/environment/ament_prefix_path.dsv
-- Up-to-date: /home/robo/ros2_ws_mt/install/executor/share/executor/environment/path.sh
-- Installing: /home/robo/ros2_ws_mt/install/executor/share/executor/environment/path.dsv
-- Up-to-date: /home/robo/ros2_ws_mt/install/executor/share/executor/local_setup.bash
-- Up-to-date: /home/robo/ros2_ws_mt/install/executor/share/executor/local_setup.sh
-- Up-to-date: /home/robo/ros2_ws_mt/install/executor/share/executor/local_setup.zsh
-- Installing: /home/robo/ros2_ws_mt/install/executor/share/executor/local_setup.dsv
-- Installing: /home/robo/ros2_ws_mt/install/executor/share/executor/package.dsv
-- Up-to-date: /home/robo/ros2_ws_mt/install/executor/share/ament_index/resource_index/packages/executor
-- Up-to-date: /home/robo/ros2_ws_mt/install/executor/share/executor/cmake/executorConfig.cmake
-- Up-to-date: /home/robo/ros2_ws_mt/install/executor/share/executor/cmake/executorConfig-version.cmake
-- Up-to-date: /home/robo/ros2_ws_mt/install/executor/share/executor/package.xml
