[0.006s] Invoking command in '/home/robo/ros2_ws_mt/build/executor': CMAKE_PREFIX_PATH=${CMAKE_PREFIX_PATH}:/opt/ros/humble /home/robo/.local/bin/cmake --build /home/robo/ros2_ws_mt/build/executor -- -j20 -l20
[0.031s] -- Found ament_cmake: 1.3.5 (/opt/ros/humble/share/ament_cmake/cmake)
[0.147s] -- Found rclcpp: 16.0.5 (/opt/ros/humble/share/rclcpp/cmake)
[0.168s] -- Found rosidl_generator_c: 3.1.5 (/opt/ros/humble/share/rosidl_generator_c/cmake)
[0.170s] -- Found rosidl_adapter: 3.1.5 (/opt/ros/humble/share/rosidl_adapter/cmake)
[0.174s] -- Found rosidl_generator_cpp: 3.1.5 (/opt/ros/humble/share/rosidl_generator_cpp/cmake)
[0.182s] -- Using all available rosidl_typesupport_c: rosidl_typesupport_fastrtps_c;rosidl_typesupport_introspection_c
[0.193s] -- Using all available rosidl_typesupport_cpp: rosidl_typesupport_fastrtps_cpp;rosidl_typesupport_introspection_cpp
[0.232s] -- Found rmw_implementation_cmake: 6.1.1 (/opt/ros/humble/share/rmw_implementation_cmake/cmake)
[0.233s] -- Found rmw_fastrtps_cpp: 6.2.3 (/opt/ros/humble/share/rmw_fastrtps_cpp/cmake)
[0.304s] -- Using RMW implementation 'rmw_fastrtps_cpp' as default
[0.408s] -- Found nav_msgs: 4.2.3 (/opt/ros/humble/share/nav_msgs/cmake)
[0.523s] -- Configuring done (0.5s)
[0.532s] -- Generating done (0.0s)
[0.532s] -- Build files have been written to: /home/robo/ros2_ws_mt/build/executor
[0.543s] [ 25%] [32mBuilding CXX object CMakeFiles/multi.dir/src/multithread.cpp.o[0m
[0.543s] [ 50%] [32mBuilding CXX object CMakeFiles/single.dir/src/singlethread.cpp.o[0m
[2.184s] [100%] [32m[1mLinking CXX executable single[0m
[2.184s] [100%] [32m[1mLinking CXX executable multi[0m
[2.251s] [100%] Built target multi
[2.252s] [100%] Built target single
[2.258s] Invoked command in '/home/robo/ros2_ws_mt/build/executor' returned '0': CMAKE_PREFIX_PATH=${CMAKE_PREFIX_PATH}:/opt/ros/humble /home/robo/.local/bin/cmake --build /home/robo/ros2_ws_mt/build/executor -- -j20 -l20
[2.301s] Invoking command in '/home/robo/ros2_ws_mt/build/executor': CMAKE_PREFIX_PATH=${CMAKE_PREFIX_PATH}:/opt/ros/humble /home/robo/.local/bin/cmake --install /home/robo/ros2_ws_mt/build/executor
[2.315s] -- Install configuration: ""
[2.315s] -- Installing: /home/robo/ros2_ws_mt/install/executor/lib/executor/multi
[2.315s] -- Set runtime path of "/home/robo/ros2_ws_mt/install/executor/lib/executor/multi" to ""
[2.315s] -- Installing: /home/robo/ros2_ws_mt/install/executor/lib/executor/single
[2.315s] -- Set runtime path of "/home/robo/ros2_ws_mt/install/executor/lib/executor/single" to ""
[2.315s] -- Up-to-date: /home/robo/ros2_ws_mt/install/executor/share/ament_index/resource_index/package_run_dependencies/executor
[2.315s] -- Up-to-date: /home/robo/ros2_ws_mt/install/executor/share/ament_index/resource_index/parent_prefix_path/executor
[2.315s] -- Up-to-date: /home/robo/ros2_ws_mt/install/executor/share/executor/environment/ament_prefix_path.sh
[2.316s] -- Installing: /home/robo/ros2_ws_mt/install/executor/share/executor/environment/ament_prefix_path.dsv
[2.316s] -- Up-to-date: /home/robo/ros2_ws_mt/install/executor/share/executor/environment/path.sh
[2.316s] -- Installing: /home/robo/ros2_ws_mt/install/executor/share/executor/environment/path.dsv
[2.316s] -- Up-to-date: /home/robo/ros2_ws_mt/install/executor/share/executor/local_setup.bash
[2.316s] -- Up-to-date: /home/robo/ros2_ws_mt/install/executor/share/executor/local_setup.sh
[2.316s] -- Up-to-date: /home/robo/ros2_ws_mt/install/executor/share/executor/local_setup.zsh
[2.316s] -- Installing: /home/robo/ros2_ws_mt/install/executor/share/executor/local_setup.dsv
[2.316s] -- Installing: /home/robo/ros2_ws_mt/install/executor/share/executor/package.dsv
[2.316s] -- Up-to-date: /home/robo/ros2_ws_mt/install/executor/share/ament_index/resource_index/packages/executor
[2.316s] -- Up-to-date: /home/robo/ros2_ws_mt/install/executor/share/executor/cmake/executorConfig.cmake
[2.316s] -- Up-to-date: /home/robo/ros2_ws_mt/install/executor/share/executor/cmake/executorConfig-version.cmake
[2.316s] -- Up-to-date: /home/robo/ros2_ws_mt/install/executor/share/executor/package.xml
[2.320s] Invoked command in '/home/robo/ros2_ws_mt/build/executor' returned '0': CMAKE_PREFIX_PATH=${CMAKE_PREFIX_PATH}:/opt/ros/humble /home/robo/.local/bin/cmake --install /home/robo/ros2_ws_mt/build/executor
