[0.007s] Invoking command in '/home/robo/ros2_ws_mt/build/executor': CMAKE_PREFIX_PATH=${CMAKE_PREFIX_PATH}:/opt/ros/humble /home/robo/.local/bin/cmake --build /home/robo/ros2_ws_mt/build/executor -- -j20 -l20
[0.037s] [ 50%] [32mBuilding CXX object CMakeFiles/thread.dir/src/multithread.cpp.o[0m
[2.522s] [100%] [32m[1mLinking CXX executable thread[0m
[2.588s] [100%] Built target thread
[2.594s] Invoked command in '/home/robo/ros2_ws_mt/build/executor' returned '0': CMAKE_PREFIX_PATH=${CMAKE_PREFIX_PATH}:/opt/ros/humble /home/robo/.local/bin/cmake --build /home/robo/ros2_ws_mt/build/executor -- -j20 -l20
[2.635s] Invoking command in '/home/robo/ros2_ws_mt/build/executor': CMAKE_PREFIX_PATH=${CMAKE_PREFIX_PATH}:/opt/ros/humble /home/robo/.local/bin/cmake --install /home/robo/ros2_ws_mt/build/executor
[2.650s] -- Install configuration: ""
[2.650s] -- Installing: /home/robo/ros2_ws_mt/install/executor/lib/executor/thread
[2.650s] -- Set runtime path of "/home/robo/ros2_ws_mt/install/executor/lib/executor/thread" to ""
[2.650s] -- Up-to-date: /home/robo/ros2_ws_mt/install/executor/share/ament_index/resource_index/package_run_dependencies/executor
[2.651s] -- Up-to-date: /home/robo/ros2_ws_mt/install/executor/share/ament_index/resource_index/parent_prefix_path/executor
[2.651s] -- Up-to-date: /home/robo/ros2_ws_mt/install/executor/share/executor/environment/ament_prefix_path.sh
[2.651s] -- Up-to-date: /home/robo/ros2_ws_mt/install/executor/share/executor/environment/ament_prefix_path.dsv
[2.651s] -- Up-to-date: /home/robo/ros2_ws_mt/install/executor/share/executor/environment/path.sh
[2.651s] -- Up-to-date: /home/robo/ros2_ws_mt/install/executor/share/executor/environment/path.dsv
[2.651s] -- Up-to-date: /home/robo/ros2_ws_mt/install/executor/share/executor/local_setup.bash
[2.651s] -- Up-to-date: /home/robo/ros2_ws_mt/install/executor/share/executor/local_setup.sh
[2.651s] -- Up-to-date: /home/robo/ros2_ws_mt/install/executor/share/executor/local_setup.zsh
[2.651s] -- Up-to-date: /home/robo/ros2_ws_mt/install/executor/share/executor/local_setup.dsv
[2.651s] -- Installing: /home/robo/ros2_ws_mt/install/executor/share/executor/package.dsv
[2.651s] -- Up-to-date: /home/robo/ros2_ws_mt/install/executor/share/ament_index/resource_index/packages/executor
[2.651s] -- Up-to-date: /home/robo/ros2_ws_mt/install/executor/share/executor/cmake/executorConfig.cmake
[2.651s] -- Up-to-date: /home/robo/ros2_ws_mt/install/executor/share/executor/cmake/executorConfig-version.cmake
[2.651s] -- Up-to-date: /home/robo/ros2_ws_mt/install/executor/share/executor/package.xml
[2.655s] Invoked command in '/home/robo/ros2_ws_mt/build/executor' returned '0': CMAKE_PREFIX_PATH=${CMAKE_PREFIX_PATH}:/opt/ros/humble /home/robo/.local/bin/cmake --install /home/robo/ros2_ws_mt/build/executor
