[0.162s] DEBUG:colcon:Command line arguments: ['/usr/bin/colcon', 'list', '-p', '--base-paths', '/home/robo/ros2_ws_mt']
[0.162s] DEBUG:colcon:Parsed command line arguments: Namespace(log_base=None, log_level=None, verb_name='list', build_base='build', ignore_user_meta=False, metas=['./colcon.meta'], base_paths=['/home/robo/ros2_ws_mt'], packages_ignore=None, packages_ignore_regex=None, paths=None, packages_up_to=None, packages_up_to_regex=None, packages_above=None, packages_above_and_dependencies=None, packages_above_depth=None, packages_select_by_dep=None, packages_skip_by_dep=None, packages_skip_up_to=None, packages_select_build_failed=False, packages_skip_build_finished=False, packages_select_test_failures=False, packages_skip_test_passed=False, packages_select=None, packages_skip=None, packages_select_regex=None, packages_skip_regex=None, packages_start=None, packages_end=None, allow_overriding=[], topological_order=False, names_only=False, paths_only=True, topological_graph=False, topological_graph_dot=False, topological_graph_density=False, topological_graph_legend=False, topological_graph_dot_cluster=False, topological_graph_dot_include_skipped=False, verb_parser=<colcon_defaults.argument_parser.defaults.DefaultArgumentsDecorator object at 0x7facf1ec3a30>, verb_extension=<colcon_package_information.verb.list.ListVerb object at 0x7facf1e756f0>, main=<bound method ListVerb.main of <colcon_package_information.verb.list.ListVerb object at 0x7facf1e756f0>>)
[0.181s] Level 1:colcon.colcon_core.package_discovery:discover_packages(colcon_meta) check parameters
[0.181s] Level 1:colcon.colcon_core.package_discovery:discover_packages(recursive) check parameters
[0.181s] Level 1:colcon.colcon_core.package_discovery:discover_packages(ignore) check parameters
[0.181s] Level 1:colcon.colcon_core.package_discovery:discover_packages(path) check parameters
[0.181s] Level 1:colcon.colcon_core.package_discovery:discover_packages(recursive) discover
[0.181s] INFO:colcon.colcon_core.package_discovery:Crawling recursively for packages in '/home/robo/ros2_ws_mt'
[0.181s] Level 1:colcon.colcon_core.package_identification:_identify(/home/robo/ros2_ws_mt) by extensions ['ignore', 'ignore_ament_install']
[0.181s] Level 1:colcon.colcon_core.package_identification:_identify(/home/robo/ros2_ws_mt) by extension 'ignore'
[0.181s] Level 1:colcon.colcon_core.package_identification:_identify(/home/robo/ros2_ws_mt) by extension 'ignore_ament_install'
[0.181s] Level 1:colcon.colcon_core.package_identification:_identify(/home/robo/ros2_ws_mt) by extensions ['colcon_pkg']
[0.181s] Level 1:colcon.colcon_core.package_identification:_identify(/home/robo/ros2_ws_mt) by extension 'colcon_pkg'
[0.181s] Level 1:colcon.colcon_core.package_identification:_identify(/home/robo/ros2_ws_mt) by extensions ['colcon_meta']
[0.181s] Level 1:colcon.colcon_core.package_identification:_identify(/home/robo/ros2_ws_mt) by extension 'colcon_meta'
[0.181s] Level 1:colcon.colcon_core.package_identification:_identify(/home/robo/ros2_ws_mt) by extensions ['ros']
[0.181s] Level 1:colcon.colcon_core.package_identification:_identify(/home/robo/ros2_ws_mt) by extension 'ros'
[0.187s] Level 1:colcon.colcon_core.package_identification:_identify(/home/robo/ros2_ws_mt) by extensions ['cmake', 'python']
[0.187s] Level 1:colcon.colcon_core.package_identification:_identify(/home/robo/ros2_ws_mt) by extension 'cmake'
[0.187s] Level 1:colcon.colcon_core.package_identification:_identify(/home/robo/ros2_ws_mt) by extension 'python'
[0.187s] Level 1:colcon.colcon_core.package_identification:_identify(/home/robo/ros2_ws_mt) by extensions ['python_setup_py']
[0.187s] Level 1:colcon.colcon_core.package_identification:_identify(/home/robo/ros2_ws_mt) by extension 'python_setup_py'
[0.187s] Level 1:colcon.colcon_core.package_identification:_identify(/home/robo/ros2_ws_mt/build) by extensions ['ignore', 'ignore_ament_install']
[0.188s] Level 1:colcon.colcon_core.package_identification:_identify(/home/robo/ros2_ws_mt/build) by extension 'ignore'
[0.188s] Level 1:colcon.colcon_core.package_identification:_identify(/home/robo/ros2_ws_mt/build) ignored
[0.188s] Level 1:colcon.colcon_core.package_identification:_identify(/home/robo/ros2_ws_mt/install) by extensions ['ignore', 'ignore_ament_install']
[0.188s] Level 1:colcon.colcon_core.package_identification:_identify(/home/robo/ros2_ws_mt/install) by extension 'ignore'
[0.188s] Level 1:colcon.colcon_core.package_identification:_identify(/home/robo/ros2_ws_mt/install) ignored
[0.188s] Level 1:colcon.colcon_core.package_identification:_identify(/home/robo/ros2_ws_mt/log) by extensions ['ignore', 'ignore_ament_install']
[0.188s] Level 1:colcon.colcon_core.package_identification:_identify(/home/robo/ros2_ws_mt/log) by extension 'ignore'
[0.188s] Level 1:colcon.colcon_core.package_identification:_identify(/home/robo/ros2_ws_mt/log) ignored
[0.188s] Level 1:colcon.colcon_core.package_identification:_identify(/home/robo/ros2_ws_mt/src) by extensions ['ignore', 'ignore_ament_install']
[0.188s] Level 1:colcon.colcon_core.package_identification:_identify(/home/robo/ros2_ws_mt/src) by extension 'ignore'
[0.188s] Level 1:colcon.colcon_core.package_identification:_identify(/home/robo/ros2_ws_mt/src) by extension 'ignore_ament_install'
[0.188s] Level 1:colcon.colcon_core.package_identification:_identify(/home/robo/ros2_ws_mt/src) by extensions ['colcon_pkg']
[0.188s] Level 1:colcon.colcon_core.package_identification:_identify(/home/robo/ros2_ws_mt/src) by extension 'colcon_pkg'
[0.188s] Level 1:colcon.colcon_core.package_identification:_identify(/home/robo/ros2_ws_mt/src) by extensions ['colcon_meta']
[0.188s] Level 1:colcon.colcon_core.package_identification:_identify(/home/robo/ros2_ws_mt/src) by extension 'colcon_meta'
[0.188s] Level 1:colcon.colcon_core.package_identification:_identify(/home/robo/ros2_ws_mt/src) by extensions ['ros']
[0.188s] Level 1:colcon.colcon_core.package_identification:_identify(/home/robo/ros2_ws_mt/src) by extension 'ros'
[0.188s] Level 1:colcon.colcon_core.package_identification:_identify(/home/robo/ros2_ws_mt/src) by extensions ['cmake', 'python']
[0.188s] Level 1:colcon.colcon_core.package_identification:_identify(/home/robo/ros2_ws_mt/src) by extension 'cmake'
[0.188s] Level 1:colcon.colcon_core.package_identification:_identify(/home/robo/ros2_ws_mt/src) by extension 'python'
[0.188s] Level 1:colcon.colcon_core.package_identification:_identify(/home/robo/ros2_ws_mt/src) by extensions ['python_setup_py']
[0.188s] Level 1:colcon.colcon_core.package_identification:_identify(/home/robo/ros2_ws_mt/src) by extension 'python_setup_py'
[0.188s] Level 1:colcon.colcon_core.package_identification:_identify(/home/robo/ros2_ws_mt/src/executor) by extensions ['ignore', 'ignore_ament_install']
[0.188s] Level 1:colcon.colcon_core.package_identification:_identify(/home/robo/ros2_ws_mt/src/executor) by extension 'ignore'
[0.188s] Level 1:colcon.colcon_core.package_identification:_identify(/home/robo/ros2_ws_mt/src/executor) by extension 'ignore_ament_install'
[0.188s] Level 1:colcon.colcon_core.package_identification:_identify(/home/robo/ros2_ws_mt/src/executor) by extensions ['colcon_pkg']
[0.188s] Level 1:colcon.colcon_core.package_identification:_identify(/home/robo/ros2_ws_mt/src/executor) by extension 'colcon_pkg'
[0.188s] Level 1:colcon.colcon_core.package_identification:_identify(/home/robo/ros2_ws_mt/src/executor) by extensions ['colcon_meta']
[0.188s] Level 1:colcon.colcon_core.package_identification:_identify(/home/robo/ros2_ws_mt/src/executor) by extension 'colcon_meta'
[0.188s] Level 1:colcon.colcon_core.package_identification:_identify(/home/robo/ros2_ws_mt/src/executor) by extensions ['ros']
[0.188s] Level 1:colcon.colcon_core.package_identification:_identify(/home/robo/ros2_ws_mt/src/executor) by extension 'ros'
[0.190s] DEBUG:colcon.colcon_core.package_identification:Package '/home/robo/ros2_ws_mt/src/executor' with type 'ros.ament_cmake' and name 'executor'
[0.190s] Level 1:colcon.colcon_core.package_discovery:discover_packages(recursive) using defaults
